Traceback (most recent call last):
  File "/usr/local/lib/python3.8/site-packages/jupyter_cache/executors/utils.py", line 51, in single_nb_execution
    executenb(
  File "/usr/local/lib/python3.8/site-packages/nbclient/client.py", line 1087, in execute
    return NotebookClient(nb=nb, resources=resources, km=km, **kwargs).execute()
  File "/usr/local/lib/python3.8/site-packages/nbclient/util.py", line 74, in wrapped
    return just_run(coro(*args, **kwargs))
  File "/usr/local/lib/python3.8/site-packages/nbclient/util.py", line 53, in just_run
    return loop.run_until_complete(coro)
  File "/usr/local/Cellar/python@3.8/3.8.6/Frameworks/Python.framework/Versions/3.8/lib/python3.8/asyncio/base_events.py", line 616, in run_until_complete
    return future.result()
  File "/usr/local/lib/python3.8/site-packages/nbclient/client.py", line 540, in async_execute
    await self.async_execute_cell(
  File "/usr/local/lib/python3.8/site-packages/nbclient/client.py", line 832, in async_execute_cell
    self._check_raise_for_error(cell, exec_reply)
  File "/usr/local/lib/python3.8/site-packages/nbclient/client.py", line 740, in _check_raise_for_error
    raise CellExecutionError.from_cell_and_msg(cell, exec_reply['content'])
nbclient.exceptions.CellExecutionError: An error occurred while executing the following cell:
------------------
:tags: [thebe-init]
morefav = da.browse_morelikethis_preview(dailydeviations[radio.value])['more_from_artist']
recommendation = []
for x in morefav:
    r = x.content
    #for key, value in jr.items():
      #  print(key, ":", value)
    if r:
        #print(jr["src"])

        response = requests.get(r["src"],stream=True)
        #img = Image.open(response.raw)
        image = widgets.Image(value=response.raw.read(),format="png",width=300,height= 300)
        #plt.imshow(img)
        #plt.show()
        recommendation += [image]
widgets.GridBox(recommendation, layout=widgets.Layout(grid_template_columns="repeat(2, 300px)"))
------------------

[0;36m  File [0;32m"<ipython-input-6-41d33e145cf7>"[0;36m, line [0;32m1[0m
[0;31m    :tags: [thebe-init][0m
[0m    ^[0m
[0;31mSyntaxError[0m[0;31m:[0m invalid syntax

SyntaxError: invalid syntax (<ipython-input-6-41d33e145cf7>, line 1)

